<?xml version="1.0" encoding="UTF-8"?>
<!-- Generated by org.testng.reporters.JUnitReportReporter -->
<testsuite skipped="0" hostname="Mahesh" name="myPack.Himaja" tests="4" failures="0" timestamp="2020-03-22T11:31:57 IST" time="49.627" errors="0">
  <testcase name="addEmp" time="37.075" classname="myPack.Himaja"/>
  <system-out/>
  <testcase name="verifyLogin" time="12.552" classname="myPack.Himaja"/>
  <system-out/>
  <testcase name="editEmp" time="0.000" classname="myPack.Himaja"/>
  <system-out/>
  <testcase name="deleteEmp" time="0.000" classname="myPack.Himaja"/>
  <system-out/>
</testsuite> <!-- myPack.Himaja -->
